TN:
SF:script/DeployBAIT.s.sol
DA:9,0
FN:9,DeployBAIT.run
FNDA:0,DeployBAIT.run
DA:10,0
DA:13,0
DA:21,0
DA:25,0
DA:26,0
DA:29,0
DA:30,0
DA:32,0
DA:34,0
DA:35,0
DA:36,0
DA:37,0
DA:38,0
DA:39,0
DA:40,0
DA:41,0
FNF:1
FNH:0
LF:17
LH:0
BRF:0
BRH:0
end_of_record
TN:
SF:src/BAITUniswapV3Liquidity.sol
DA:74,0
FN:74,BAITUniswapV3Liquidity.constructor
FNDA:0,BAITUniswapV3Liquidity.constructor
DA:80,0
DA:81,0
DA:82,0
DA:83,0
DA:89,0
FN:89,BAITUniswapV3Liquidity.createPool
FNDA:0,BAITUniswapV3Liquidity.createPool
DA:90,0
DA:91,0
BRDA:91,0,0,-
DA:92,0
DA:93,0
DA:94,0
DA:105,0
FN:105,BAITUniswapV3Liquidity.addLiquidity
FNDA:0,BAITUniswapV3Liquidity.addLiquidity
DA:111,0
DA:113,0
DA:127,0
DA:128,0
DA:130,0
FNF:3
FNH:0
LF:17
LH:0
BRF:1
BRH:0
end_of_record
TN:
SF:src/BridgeLock.sol
DA:69,0
FN:69,BridgeLock.onlyOperator
FNDA:0,BridgeLock.onlyOperator
DA:70,0
BRDA:70,0,0,-
BRDA:70,0,1,-
DA:74,12
FN:74,BridgeLock.constructor
FNDA:12,BridgeLock.constructor
DA:78,12
BRDA:78,1,0,0
BRDA:78,1,1,12
DA:79,12
DA:81,12
DA:82,60
BRDA:82,2,0,0
BRDA:82,2,1,60
DA:83,60
DA:84,60
DA:97,2
FN:97,BridgeLock.requestLockMint
FNDA:2,BridgeLock.requestLockMint
DA:103,1
BRDA:103,3,0,0
BRDA:103,3,1,1
DA:104,1
BRDA:104,4,0,0
BRDA:104,4,1,1
DA:105,1
BRDA:105,5,0,0
BRDA:105,5,1,1
DA:108,1
DA:109,1
BRDA:109,6,0,0
DA:110,0
DA:111,0
DA:113,1
BRDA:113,7,0,0
BRDA:113,7,1,1
DA:115,1
DA:116,1
DA:117,1
DA:118,1
DA:119,1
DA:120,1
DA:123,1
DA:124,1
DA:126,1
DA:127,1
DA:129,1
BRDA:129,8,0,0
DA:130,0
DA:137,0
FN:137,BridgeLock.confirmLockMint
FNDA:0,BridgeLock.confirmLockMint
DA:138,0
DA:139,0
BRDA:139,9,0,-
BRDA:139,9,1,-
DA:140,0
BRDA:140,10,0,-
BRDA:140,10,1,-
DA:141,0
BRDA:141,11,0,-
BRDA:141,11,1,-
DA:143,0
DA:144,0
DA:146,0
DA:148,0
BRDA:148,12,0,-
DA:149,0
DA:153,0
FN:153,BridgeLock._executeLockMint
FNDA:0,BridgeLock._executeLockMint
DA:154,0
DA:155,0
BRDA:155,13,0,-
BRDA:155,13,1,-
DA:157,0
DA:158,0
DA:160,0
DA:162,0
DA:171,0
FN:171,BridgeLock.initiateBurnRelease
FNDA:0,BridgeLock.initiateBurnRelease
DA:172,0
DA:173,0
BRDA:173,14,0,-
BRDA:173,14,1,-
DA:175,0
DA:179,0
DA:181,0
DA:182,0
DA:183,0
DA:184,0
DA:185,0
DA:186,0
DA:188,0
DA:194,0
FN:194,BridgeLock.confirmBurnRelease
FNDA:0,BridgeLock.confirmBurnRelease
DA:195,0
DA:196,0
BRDA:196,15,0,-
BRDA:196,15,1,-
DA:197,0
BRDA:197,16,0,-
BRDA:197,16,1,-
DA:198,0
BRDA:198,17,0,-
BRDA:198,17,1,-
DA:200,0
DA:201,0
DA:203,0
DA:205,0
BRDA:205,18,0,-
DA:206,0
DA:207,0
DA:212,0
FN:212,BridgeLock.pause
FNDA:0,BridgeLock.pause
DA:213,0
FN:213,BridgeLock.unpause
FNDA:0,BridgeLock.unpause
DA:216,0
FN:216,BridgeLock.getLockRequestCount
FNDA:0,BridgeLock.getLockRequestCount
DA:217,0
FN:217,BridgeLock.getBurnReleaseCount
FNDA:0,BridgeLock.getBurnReleaseCount
FNF:11
FNH:2
LF:74
LH:25
BRF:34
BRH:6
end_of_record
TN:
SF:src/WBAIT.sol
DA:24,12
FN:24,WBAIT.constructor
FNDA:12,WBAIT.constructor
DA:29,12
BRDA:29,0,0,0
BRDA:29,0,1,12
DA:30,12
DA:33,4
FN:33,WBAIT.onlyBridge
FNDA:4,WBAIT.onlyBridge
DA:34,4
BRDA:34,1,0,0
BRDA:34,1,1,4
DA:43,4
FN:43,WBAIT.mint
FNDA:4,WBAIT.mint
DA:44,4
BRDA:44,2,0,1
BRDA:44,2,1,3
DA:45,3
DA:46,3
DA:49,3
BRDA:49,3,0,0
DA:50,0
DA:57,1
FN:57,WBAIT.pause
FNDA:1,WBAIT.pause
DA:58,1
DA:64,0
FN:64,WBAIT.unpause
FNDA:0,WBAIT.unpause
DA:65,0
DA:69,1
FN:69,WBAIT.decimals
FNDA:1,WBAIT.decimals
DA:70,1
DA:74,5
FN:74,WBAIT._update
FNDA:5,WBAIT._update
DA:75,4
FNF:7
FNH:6
LF:19
LH:16
BRF:7
BRH:4
end_of_record
